<?xml version="1.0" encoding="UTF-8"?>
<testsuite xmlns:xsi="http://www.w3.org/2001/XMLSchema-instance" xsi:noNamespaceSchemaLocation="https://maven.apache.org/surefire/maven-surefire-plugin/xsd/surefire-test-report.xsd" name="com.example.javamavenjunithelloworld.HelloTest" time="0.096" tests="4" errors="0" skipped="0" failures="0">
  <properties>
    <property name="sun.desktop" value="windows"/>
    <property name="awt.toolkit" value="sun.awt.windows.WToolkit"/>
    <property name="file.encoding.pkg" value="sun.io"/>
    <property name="java.specification.version" value="1.8"/>
    <property name="sun.cpu.isalist" value="amd64"/>
    <property name="sun.jnu.encoding" value="Cp1252"/>
    <property name="java.class.path" value="C:\Users\ruchikar\Desktop\alm_training_demo\java-maven-junit-helloworld\target\test-classes;C:\Users\ruchikar\Desktop\alm_training_demo\java-maven-junit-helloworld\target\classes;C:\Users\ruchikar\.m2\repository\org\junit\jupiter\junit-jupiter-api\5.2.0\junit-jupiter-api-5.2.0.jar;C:\Users\ruchikar\.m2\repository\org\apiguardian\apiguardian-api\1.0.0\apiguardian-api-1.0.0.jar;C:\Users\ruchikar\.m2\repository\org\opentest4j\opentest4j\1.1.0\opentest4j-1.1.0.jar;C:\Users\ruchikar\.m2\repository\org\junit\platform\junit-platform-commons\1.2.0\junit-platform-commons-1.2.0.jar;C:\Users\ruchikar\.m2\repository\org\junit\jupiter\junit-jupiter-params\5.2.0\junit-jupiter-params-5.2.0.jar;C:\Users\ruchikar\.m2\repository\org\junit\jupiter\junit-jupiter-engine\5.2.0\junit-jupiter-engine-5.2.0.jar;C:\Users\ruchikar\.m2\repository\org\junit\platform\junit-platform-engine\1.2.0\junit-platform-engine-1.2.0.jar;C:\Users\ruchikar\.m2\repository\org\hamcrest\hamcrest-core\1.3\hamcrest-core-1.3.jar;C:\Users\ruchikar\.m2\repository\org\mockito\mockito-junit-jupiter\2.21.0\mockito-junit-jupiter-2.21.0.jar;C:\Users\ruchikar\.m2\repository\org\mockito\mockito-core\2.21.0\mockito-core-2.21.0.jar;C:\Users\ruchikar\.m2\repository\net\bytebuddy\byte-buddy\1.8.15\byte-buddy-1.8.15.jar;C:\Users\ruchikar\.m2\repository\net\bytebuddy\byte-buddy-agent\1.8.15\byte-buddy-agent-1.8.15.jar;C:\Users\ruchikar\.m2\repository\org\objenesis\objenesis\2.6\objenesis-2.6.jar;"/>
    <property name="java.vm.vendor" value="Oracle Corporation"/>
    <property name="sun.arch.data.model" value="64"/>
    <property name="user.variant" value=""/>
    <property name="java.vendor.url" value="http://java.oracle.com/"/>
    <property name="user.timezone" value="Asia/Calcutta"/>
    <property name="java.vm.specification.version" value="1.8"/>
    <property name="os.name" value="Windows 8.1"/>
    <property name="user.country" value="US"/>
    <property name="sun.java.launcher" value="SUN_STANDARD"/>
    <property name="sun.boot.library.path" value="C:\Program Files\Java\jdk1.8.0_121\jre\bin"/>
    <property name="sun.java.command" value="C:\Users\ruchikar\AppData\Local\Temp\surefire5105257051293882775\surefirebooter3366067929056740269.jar C:\Users\ruchikar\AppData\Local\Temp\surefire5105257051293882775 2020-10-13T11-23-14_234-jvmRun1 surefire3654196312924322197tmp surefire_08573537236571342303tmp"/>
    <property name="surefire.test.class.path" value="C:\Users\ruchikar\Desktop\alm_training_demo\java-maven-junit-helloworld\target\test-classes;C:\Users\ruchikar\Desktop\alm_training_demo\java-maven-junit-helloworld\target\classes;C:\Users\ruchikar\.m2\repository\org\junit\jupiter\junit-jupiter-api\5.2.0\junit-jupiter-api-5.2.0.jar;C:\Users\ruchikar\.m2\repository\org\apiguardian\apiguardian-api\1.0.0\apiguardian-api-1.0.0.jar;C:\Users\ruchikar\.m2\repository\org\opentest4j\opentest4j\1.1.0\opentest4j-1.1.0.jar;C:\Users\ruchikar\.m2\repository\org\junit\platform\junit-platform-commons\1.2.0\junit-platform-commons-1.2.0.jar;C:\Users\ruchikar\.m2\repository\org\junit\jupiter\junit-jupiter-params\5.2.0\junit-jupiter-params-5.2.0.jar;C:\Users\ruchikar\.m2\repository\org\junit\jupiter\junit-jupiter-engine\5.2.0\junit-jupiter-engine-5.2.0.jar;C:\Users\ruchikar\.m2\repository\org\junit\platform\junit-platform-engine\1.2.0\junit-platform-engine-1.2.0.jar;C:\Users\ruchikar\.m2\repository\org\hamcrest\hamcrest-core\1.3\hamcrest-core-1.3.jar;C:\Users\ruchikar\.m2\repository\org\mockito\mockito-junit-jupiter\2.21.0\mockito-junit-jupiter-2.21.0.jar;C:\Users\ruchikar\.m2\repository\org\mockito\mockito-core\2.21.0\mockito-core-2.21.0.jar;C:\Users\ruchikar\.m2\repository\net\bytebuddy\byte-buddy\1.8.15\byte-buddy-1.8.15.jar;C:\Users\ruchikar\.m2\repository\net\bytebuddy\byte-buddy-agent\1.8.15\byte-buddy-agent-1.8.15.jar;C:\Users\ruchikar\.m2\repository\org\objenesis\objenesis\2.6\objenesis-2.6.jar;"/>
    <property name="sun.cpu.endian" value="little"/>
    <property name="user.home" value="C:\Users\ruchikar"/>
    <property name="user.language" value="en"/>
    <property name="java.specification.vendor" value="Oracle Corporation"/>
    <property name="java.home" value="C:\Program Files\Java\jdk1.8.0_121\jre"/>
    <property name="basedir" value="C:\Users\ruchikar\Desktop\alm_training_demo\java-maven-junit-helloworld"/>
    <property name="file.separator" value="\"/>
    <property name="line.separator" value="&#10;"/>
    <property name="java.vm.specification.vendor" value="Oracle Corporation"/>
    <property name="java.specification.name" value="Java Platform API Specification"/>
    <property name="java.awt.graphicsenv" value="sun.awt.Win32GraphicsEnvironment"/>
    <property name="surefire.real.class.path" value="C:\Users\ruchikar\AppData\Local\Temp\surefire5105257051293882775\surefirebooter3366067929056740269.jar;C:\\Users\\ruchikar\\.m2\\repository\\org\\jacoco\\org.jacoco.agent\\0.8.1\\org.jacoco.agent-0.8.1-runtime.jar"/>
    <property name="sun.boot.class.path" value="C:\Program Files\Java\jdk1.8.0_121\jre\lib\resources.jar;C:\Program Files\Java\jdk1.8.0_121\jre\lib\rt.jar;C:\Program Files\Java\jdk1.8.0_121\jre\lib\sunrsasign.jar;C:\Program Files\Java\jdk1.8.0_121\jre\lib\jsse.jar;C:\Program Files\Java\jdk1.8.0_121\jre\lib\jce.jar;C:\Program Files\Java\jdk1.8.0_121\jre\lib\charsets.jar;C:\Program Files\Java\jdk1.8.0_121\jre\lib\jfr.jar;C:\Program Files\Java\jdk1.8.0_121\jre\classes"/>
    <property name="user.script" value=""/>
    <property name="sun.management.compiler" value="HotSpot 64-Bit Tiered Compilers"/>
    <property name="java.runtime.version" value="1.8.0_121-b13"/>
    <property name="user.name" value="ruchikar"/>
    <property name="path.separator" value=";"/>
    <property name="os.version" value="6.3"/>
    <property name="java.endorsed.dirs" value="C:\Program Files\Java\jdk1.8.0_121\jre\lib\endorsed"/>
    <property name="java.runtime.name" value="Java(TM) SE Runtime Environment"/>
    <property name="file.encoding" value="Cp1252"/>
    <property name="java.vm.name" value="Java HotSpot(TM) 64-Bit Server VM"/>
    <property name="localRepository" value="C:\Users\ruchikar\.m2\repository"/>
    <property name="java.vendor.url.bug" value="http://bugreport.sun.com/bugreport/"/>
    <property name="java.io.tmpdir" value="C:\Users\ruchikar\AppData\Local\Temp\"/>
    <property name="java.version" value="1.8.0_121"/>
    <property name="user.dir" value="C:\Users\ruchikar\Desktop\alm_training_demo\java-maven-junit-helloworld"/>
    <property name="os.arch" value="amd64"/>
    <property name="java.vm.specification.name" value="Java Virtual Machine Specification"/>
    <property name="java.awt.printerjob" value="sun.awt.windows.WPrinterJob"/>
    <property name="sun.os.patch.level" value=""/>
    <property name="java.library.path" value="C:\Program Files\Java\jdk1.8.0_121\jre\bin;C:\Windows\Sun\Java\bin;C:\Windows\system32;C:\Windows;C:\Program Files (x86)\Common Files\Oracle\Java\javapath;C:\ProgramData\Oracle\Java\javapath;C:\Windows\system32;C:\Windows;C:\Windows\System32\Wbem;C:\Windows\System32\WindowsPowerShell\v1.0\;C:\Program Files\MySQL\MySQL Server 5.7\bin;D:\apache-maven\apache-maven-3.5.4\bin;C:\Program Files\Java\jdk1.8.0_121\bin;C:\Program Files\Git\cmd;C:\Program Files\nodejs\;D:\Softwares\gradle-5.5.1\bin;D:\Softwares\aws cli\bin\;D:\Softwares\aws cli\bin;C:\Users\ruchikar\terraform_0.12.19_windows_amd64;C:\Program Files (x86)\Vim\vim82;D:\Softwares\Git\httpd-2.4.41-win64-VS16\Apache24\bin;D:\Softwares\Git;D:\Desktop\sonarqube-7.7\sonarqube-7.7\bin;D:\Softwares\flyway-commandline-6.3.0-windows-x64\flyway-6.3.0;D:\Softwares\sonar-scanner-3.3.0.1492-windows/bin;D:\Softwares\apache-tomcat-9.0.19-windows-x64\apache-tomcat-9.0.19\bin;D:\Softwares\nodejs;;C:\Program Files\Docker Toolbox;C:\Users\ruchikar\AppData\Roaming\npm;;C:\Users\ruchikar\AppData\Local\Programs\Microsoft VS Code\bin;."/>
    <property name="java.vm.info" value="mixed mode"/>
    <property name="java.vendor" value="Oracle Corporation"/>
    <property name="java.vm.version" value="25.121-b13"/>
    <property name="java.ext.dirs" value="C:\Program Files\Java\jdk1.8.0_121\jre\lib\ext;C:\Windows\Sun\Java\lib\ext"/>
    <property name="sun.io.unicode.encoding" value="UnicodeLittle"/>
    <property name="java.class.version" value="52.0"/>
  </properties>
  <testcase name="testIllegalArgumentForHelloNegative" classname="com.example.javamavenjunithelloworld.HelloTest" time="0.073"/>
  <testcase name="testSayHello" classname="com.example.javamavenjunithelloworld.HelloTest" time="0.003"/>
  <testcase name="testSayHelloAFewTimes" classname="com.example.javamavenjunithelloworld.HelloTest" time="0.003"/>
  <testcase name="testIllegalArgumentForHelloTooMuch" classname="com.example.javamavenjunithelloworld.HelloTest" time="0.003"/>
</testsuite>